[0.075s] DEBUG:colcon:Command line arguments: ['/usr/bin/colcon', 'build']
[0.075s] DEBUG:colcon:Parsed command line arguments: Namespace(log_base=None, log_level=None, verb_name='build', build_base='build', install_base='install', merge_install=False, symlink_install=False, test_result_base=None, continue_on_error=False, executor='parallel', parallel_workers=16, event_handlers=None, ignore_user_meta=False, metas=['./colcon.meta'], base_paths=['.'], packages_ignore=None, packages_ignore_regex=None, paths=None, packages_up_to=None, packages_up_to_regex=None, packages_above=None, packages_above_and_dependencies=None, packages_above_depth=None, packages_select_by_dep=None, packages_skip_by_dep=None, packages_skip_up_to=None, packages_select_build_failed=False, packages_skip_build_finished=False, packages_select_test_failures=False, packages_skip_test_passed=False, packages_select=None, packages_skip=None, packages_select_regex=None, packages_skip_regex=None, packages_start=None, packages_end=None, allow_overriding=[], cmake_args=None, cmake_target=None, cmake_target_skip_unavailable=False, cmake_clean_cache=False, cmake_clean_first=False, cmake_force_configure=False, ament_cmake_args=None, catkin_cmake_args=None, catkin_skip_building_tests=False, mixin_files=None, mixin=None, verb_parser=<colcon_mixin.mixin.mixin_argument.MixinArgumentDecorator object at 0x73c6aa001c10>, verb_extension=<colcon_core.verb.build.BuildVerb object at 0x73c6aa158980>, main=<bound method BuildVerb.main of <colcon_core.verb.build.BuildVerb object at 0x73c6aa158980>>, mixin_verb=('build',))
[0.110s] Level 1:colcon.colcon_core.package_discovery:discover_packages(colcon_meta) check parameters
[0.110s] Level 1:colcon.colcon_core.package_discovery:discover_packages(recursive) check parameters
[0.110s] Level 1:colcon.colcon_core.package_discovery:discover_packages(ignore) check parameters
[0.110s] Level 1:colcon.colcon_core.package_discovery:discover_packages(path) check parameters
[0.110s] Level 1:colcon.colcon_core.package_discovery:discover_packages(colcon_meta) discover
[0.110s] Level 1:colcon.colcon_core.package_discovery:discover_packages(recursive) discover
[0.110s] INFO:colcon.colcon_core.package_discovery:Crawling recursively for packages in '/home/bauer/REPOS/Robotics/ROS2/ros2_pend_ws'
[0.110s] Level 1:colcon.colcon_core.package_identification:_identify(.) by extensions ['ignore', 'ignore_ament_install']
[0.110s] Level 1:colcon.colcon_core.package_identification:_identify(.) by extension 'ignore'
[0.110s] Level 1:colcon.colcon_core.package_identification:_identify(.) by extension 'ignore_ament_install'
[0.110s] Level 1:colcon.colcon_core.package_identification:_identify(.) by extensions ['colcon_pkg']
[0.110s] Level 1:colcon.colcon_core.package_identification:_identify(.) by extension 'colcon_pkg'
[0.110s] Level 1:colcon.colcon_core.package_identification:_identify(.) by extensions ['colcon_meta']
[0.110s] Level 1:colcon.colcon_core.package_identification:_identify(.) by extension 'colcon_meta'
[0.110s] Level 1:colcon.colcon_core.package_identification:_identify(.) by extensions ['ros']
[0.110s] Level 1:colcon.colcon_core.package_identification:_identify(.) by extension 'ros'
[0.126s] Level 1:colcon.colcon_core.package_identification:_identify(.) by extensions ['cmake', 'python']
[0.126s] Level 1:colcon.colcon_core.package_identification:_identify(.) by extension 'cmake'
[0.126s] Level 1:colcon.colcon_core.package_identification:_identify(.) by extension 'python'
[0.126s] Level 1:colcon.colcon_core.package_identification:_identify(.) by extensions ['python_setup_py']
[0.126s] Level 1:colcon.colcon_core.package_identification:_identify(.) by extension 'python_setup_py'
[0.126s] Level 1:colcon.colcon_core.package_identification:_identify(build) by extensions ['ignore', 'ignore_ament_install']
[0.126s] Level 1:colcon.colcon_core.package_identification:_identify(build) by extension 'ignore'
[0.126s] Level 1:colcon.colcon_core.package_identification:_identify(build) ignored
[0.126s] Level 1:colcon.colcon_core.package_identification:_identify(install) by extensions ['ignore', 'ignore_ament_install']
[0.126s] Level 1:colcon.colcon_core.package_identification:_identify(install) by extension 'ignore'
[0.126s] Level 1:colcon.colcon_core.package_identification:_identify(install) ignored
[0.126s] Level 1:colcon.colcon_core.package_identification:_identify(log) by extensions ['ignore', 'ignore_ament_install']
[0.126s] Level 1:colcon.colcon_core.package_identification:_identify(log) by extension 'ignore'
[0.126s] Level 1:colcon.colcon_core.package_identification:_identify(log) ignored
[0.126s] Level 1:colcon.colcon_core.package_identification:_identify(src) by extensions ['ignore', 'ignore_ament_install']
[0.126s] Level 1:colcon.colcon_core.package_identification:_identify(src) by extension 'ignore'
[0.126s] Level 1:colcon.colcon_core.package_identification:_identify(src) by extension 'ignore_ament_install'
[0.126s] Level 1:colcon.colcon_core.package_identification:_identify(src) by extensions ['colcon_pkg']
[0.126s] Level 1:colcon.colcon_core.package_identification:_identify(src) by extension 'colcon_pkg'
[0.126s] Level 1:colcon.colcon_core.package_identification:_identify(src) by extensions ['colcon_meta']
[0.126s] Level 1:colcon.colcon_core.package_identification:_identify(src) by extension 'colcon_meta'
[0.126s] Level 1:colcon.colcon_core.package_identification:_identify(src) by extensions ['ros']
[0.126s] Level 1:colcon.colcon_core.package_identification:_identify(src) by extension 'ros'
[0.126s] Level 1:colcon.colcon_core.package_identification:_identify(src) by extensions ['cmake', 'python']
[0.126s] Level 1:colcon.colcon_core.package_identification:_identify(src) by extension 'cmake'
[0.126s] Level 1:colcon.colcon_core.package_identification:_identify(src) by extension 'python'
[0.126s] Level 1:colcon.colcon_core.package_identification:_identify(src) by extensions ['python_setup_py']
[0.126s] Level 1:colcon.colcon_core.package_identification:_identify(src) by extension 'python_setup_py'
[0.127s] Level 1:colcon.colcon_core.package_identification:_identify(src/diana7_description) by extensions ['ignore', 'ignore_ament_install']
[0.127s] Level 1:colcon.colcon_core.package_identification:_identify(src/diana7_description) by extension 'ignore'
[0.127s] Level 1:colcon.colcon_core.package_identification:_identify(src/diana7_description) by extension 'ignore_ament_install'
[0.127s] Level 1:colcon.colcon_core.package_identification:_identify(src/diana7_description) by extensions ['colcon_pkg']
[0.127s] Level 1:colcon.colcon_core.package_identification:_identify(src/diana7_description) by extension 'colcon_pkg'
[0.127s] Level 1:colcon.colcon_core.package_identification:_identify(src/diana7_description) by extensions ['colcon_meta']
[0.127s] Level 1:colcon.colcon_core.package_identification:_identify(src/diana7_description) by extension 'colcon_meta'
[0.127s] Level 1:colcon.colcon_core.package_identification:_identify(src/diana7_description) by extensions ['ros']
[0.127s] Level 1:colcon.colcon_core.package_identification:_identify(src/diana7_description) by extension 'ros'
[0.128s] DEBUG:colcon.colcon_core.package_identification:Package 'src/diana7_description' with type 'ros.ament_cmake' and name 'diana7_description'
[0.128s] Level 1:colcon.colcon_core.package_identification:_identify(src/pendulum_description) by extensions ['ignore', 'ignore_ament_install']
[0.128s] Level 1:colcon.colcon_core.package_identification:_identify(src/pendulum_description) by extension 'ignore'
[0.128s] Level 1:colcon.colcon_core.package_identification:_identify(src/pendulum_description) by extension 'ignore_ament_install'
[0.128s] Level 1:colcon.colcon_core.package_identification:_identify(src/pendulum_description) by extensions ['colcon_pkg']
[0.128s] Level 1:colcon.colcon_core.package_identification:_identify(src/pendulum_description) by extension 'colcon_pkg'
[0.128s] Level 1:colcon.colcon_core.package_identification:_identify(src/pendulum_description) by extensions ['colcon_meta']
[0.128s] Level 1:colcon.colcon_core.package_identification:_identify(src/pendulum_description) by extension 'colcon_meta'
[0.128s] Level 1:colcon.colcon_core.package_identification:_identify(src/pendulum_description) by extensions ['ros']
[0.128s] Level 1:colcon.colcon_core.package_identification:_identify(src/pendulum_description) by extension 'ros'
[0.129s] DEBUG:colcon.colcon_core.package_identification:Package 'src/pendulum_description' with type 'ros.ament_cmake' and name 'pendulum_description'
[0.129s] Level 1:colcon.colcon_core.package_identification:_identify(src/ridgeback_description) by extensions ['ignore', 'ignore_ament_install']
[0.129s] Level 1:colcon.colcon_core.package_identification:_identify(src/ridgeback_description) by extension 'ignore'
[0.129s] Level 1:colcon.colcon_core.package_identification:_identify(src/ridgeback_description) by extension 'ignore_ament_install'
[0.129s] Level 1:colcon.colcon_core.package_identification:_identify(src/ridgeback_description) by extensions ['colcon_pkg']
[0.129s] Level 1:colcon.colcon_core.package_identification:_identify(src/ridgeback_description) by extension 'colcon_pkg'
[0.129s] Level 1:colcon.colcon_core.package_identification:_identify(src/ridgeback_description) by extensions ['colcon_meta']
[0.129s] Level 1:colcon.colcon_core.package_identification:_identify(src/ridgeback_description) by extension 'colcon_meta'
[0.129s] Level 1:colcon.colcon_core.package_identification:_identify(src/ridgeback_description) by extensions ['ros']
[0.129s] Level 1:colcon.colcon_core.package_identification:_identify(src/ridgeback_description) by extension 'ros'
[0.129s] DEBUG:colcon.colcon_core.package_identification:Package 'src/ridgeback_description' with type 'ros.ament_cmake' and name 'ridgeback_description'
[0.129s] Level 1:colcon.colcon_core.package_identification:_identify(src/simple_sim) by extensions ['ignore', 'ignore_ament_install']
[0.129s] Level 1:colcon.colcon_core.package_identification:_identify(src/simple_sim) by extension 'ignore'
[0.129s] Level 1:colcon.colcon_core.package_identification:_identify(src/simple_sim) by extension 'ignore_ament_install'
[0.129s] Level 1:colcon.colcon_core.package_identification:_identify(src/simple_sim) by extensions ['colcon_pkg']
[0.129s] Level 1:colcon.colcon_core.package_identification:_identify(src/simple_sim) by extension 'colcon_pkg'
[0.129s] Level 1:colcon.colcon_core.package_identification:_identify(src/simple_sim) by extensions ['colcon_meta']
[0.129s] Level 1:colcon.colcon_core.package_identification:_identify(src/simple_sim) by extension 'colcon_meta'
[0.130s] Level 1:colcon.colcon_core.package_identification:_identify(src/simple_sim) by extensions ['ros']
[0.130s] Level 1:colcon.colcon_core.package_identification:_identify(src/simple_sim) by extension 'ros'
[0.130s] DEBUG:colcon.colcon_core.package_identification:Package 'src/simple_sim' with type 'ros.ament_python' and name 'simple_sim'
[0.130s] Level 1:colcon.colcon_core.package_discovery:discover_packages(recursive) using defaults
[0.130s] Level 1:colcon.colcon_core.package_discovery:discover_packages(ignore) discover
[0.130s] Level 1:colcon.colcon_core.package_discovery:discover_packages(ignore) using defaults
[0.130s] Level 1:colcon.colcon_core.package_discovery:discover_packages(path) discover
[0.130s] Level 1:colcon.colcon_core.package_discovery:discover_packages(path) using defaults
[0.142s] Level 1:colcon.colcon_core.package_discovery:discover_packages(prefix_path) check parameters
[0.142s] Level 1:colcon.colcon_core.package_discovery:discover_packages(prefix_path) discover
[0.144s] DEBUG:colcon.colcon_installed_package_information.package_discovery:Found 4 installed packages in /home/bauer/REPOS/Robotics/ROS2/ros2_pend_ws/install
[0.145s] DEBUG:colcon.colcon_installed_package_information.package_discovery:Found 44 installed packages in /home/bauer/nav2_ws/install
[0.146s] DEBUG:colcon.colcon_installed_package_information.package_discovery:Found 23 installed packages in /home/bauer/ros2_ws/install
[0.147s] DEBUG:colcon.colcon_installed_package_information.package_discovery:Found 492 installed packages in /opt/ros/jazzy
[0.149s] Level 1:colcon.colcon_core.package_discovery:discover_packages(prefix_path) using defaults
[0.200s] Level 5:colcon.colcon_core.verb:set package 'diana7_description' build argument 'cmake_args' from command line to 'None'
[0.200s] Level 5:colcon.colcon_core.verb:set package 'diana7_description' build argument 'cmake_target' from command line to 'None'
[0.200s] Level 5:colcon.colcon_core.verb:set package 'diana7_description' build argument 'cmake_target_skip_unavailable' from command line to 'False'
[0.200s] Level 5:colcon.colcon_core.verb:set package 'diana7_description' build argument 'cmake_clean_cache' from command line to 'False'
[0.200s] Level 5:colcon.colcon_core.verb:set package 'diana7_description' build argument 'cmake_clean_first' from command line to 'False'
[0.200s] Level 5:colcon.colcon_core.verb:set package 'diana7_description' build argument 'cmake_force_configure' from command line to 'False'
[0.200s] Level 5:colcon.colcon_core.verb:set package 'diana7_description' build argument 'ament_cmake_args' from command line to 'None'
[0.200s] Level 5:colcon.colcon_core.verb:set package 'diana7_description' build argument 'catkin_cmake_args' from command line to 'None'
[0.200s] Level 5:colcon.colcon_core.verb:set package 'diana7_description' build argument 'catkin_skip_building_tests' from command line to 'False'
[0.200s] DEBUG:colcon.colcon_core.verb:Building package 'diana7_description' with the following arguments: {'ament_cmake_args': None, 'build_base': '/home/bauer/REPOS/Robotics/ROS2/ros2_pend_ws/build/diana7_description', 'catkin_cmake_args': None, 'catkin_skip_building_tests': False, 'cmake_args': None, 'cmake_clean_cache': False, 'cmake_clean_first': False, 'cmake_force_configure': False, 'cmake_target': None, 'cmake_target_skip_unavailable': False, 'install_base': '/home/bauer/REPOS/Robotics/ROS2/ros2_pend_ws/install/diana7_description', 'merge_install': False, 'path': '/home/bauer/REPOS/Robotics/ROS2/ros2_pend_ws/src/diana7_description', 'symlink_install': False, 'test_result_base': None}
[0.200s] Level 5:colcon.colcon_core.verb:set package 'pendulum_description' build argument 'cmake_args' from command line to 'None'
[0.200s] Level 5:colcon.colcon_core.verb:set package 'pendulum_description' build argument 'cmake_target' from command line to 'None'
[0.200s] Level 5:colcon.colcon_core.verb:set package 'pendulum_description' build argument 'cmake_target_skip_unavailable' from command line to 'False'
[0.200s] Level 5:colcon.colcon_core.verb:set package 'pendulum_description' build argument 'cmake_clean_cache' from command line to 'False'
[0.200s] Level 5:colcon.colcon_core.verb:set package 'pendulum_description' build argument 'cmake_clean_first' from command line to 'False'
[0.200s] Level 5:colcon.colcon_core.verb:set package 'pendulum_description' build argument 'cmake_force_configure' from command line to 'False'
[0.200s] Level 5:colcon.colcon_core.verb:set package 'pendulum_description' build argument 'ament_cmake_args' from command line to 'None'
[0.200s] Level 5:colcon.colcon_core.verb:set package 'pendulum_description' build argument 'catkin_cmake_args' from command line to 'None'
[0.200s] Level 5:colcon.colcon_core.verb:set package 'pendulum_description' build argument 'catkin_skip_building_tests' from command line to 'False'
[0.200s] DEBUG:colcon.colcon_core.verb:Building package 'pendulum_description' with the following arguments: {'ament_cmake_args': None, 'build_base': '/home/bauer/REPOS/Robotics/ROS2/ros2_pend_ws/build/pendulum_description', 'catkin_cmake_args': None, 'catkin_skip_building_tests': False, 'cmake_args': None, 'cmake_clean_cache': False, 'cmake_clean_first': False, 'cmake_force_configure': False, 'cmake_target': None, 'cmake_target_skip_unavailable': False, 'install_base': '/home/bauer/REPOS/Robotics/ROS2/ros2_pend_ws/install/pendulum_description', 'merge_install': False, 'path': '/home/bauer/REPOS/Robotics/ROS2/ros2_pend_ws/src/pendulum_description', 'symlink_install': False, 'test_result_base': None}
[0.200s] Level 5:colcon.colcon_core.verb:set package 'ridgeback_description' build argument 'cmake_args' from command line to 'None'
[0.201s] Level 5:colcon.colcon_core.verb:set package 'ridgeback_description' build argument 'cmake_target' from command line to 'None'
[0.201s] Level 5:colcon.colcon_core.verb:set package 'ridgeback_description' build argument 'cmake_target_skip_unavailable' from command line to 'False'
[0.201s] Level 5:colcon.colcon_core.verb:set package 'ridgeback_description' build argument 'cmake_clean_cache' from command line to 'False'
[0.201s] Level 5:colcon.colcon_core.verb:set package 'ridgeback_description' build argument 'cmake_clean_first' from command line to 'False'
[0.201s] Level 5:colcon.colcon_core.verb:set package 'ridgeback_description' build argument 'cmake_force_configure' from command line to 'False'
[0.201s] Level 5:colcon.colcon_core.verb:set package 'ridgeback_description' build argument 'ament_cmake_args' from command line to 'None'
[0.201s] Level 5:colcon.colcon_core.verb:set package 'ridgeback_description' build argument 'catkin_cmake_args' from command line to 'None'
[0.201s] Level 5:colcon.colcon_core.verb:set package 'ridgeback_description' build argument 'catkin_skip_building_tests' from command line to 'False'
[0.201s] DEBUG:colcon.colcon_core.verb:Building package 'ridgeback_description' with the following arguments: {'ament_cmake_args': None, 'build_base': '/home/bauer/REPOS/Robotics/ROS2/ros2_pend_ws/build/ridgeback_description', 'catkin_cmake_args': None, 'catkin_skip_building_tests': False, 'cmake_args': None, 'cmake_clean_cache': False, 'cmake_clean_first': False, 'cmake_force_configure': False, 'cmake_target': None, 'cmake_target_skip_unavailable': False, 'install_base': '/home/bauer/REPOS/Robotics/ROS2/ros2_pend_ws/install/ridgeback_description', 'merge_install': False, 'path': '/home/bauer/REPOS/Robotics/ROS2/ros2_pend_ws/src/ridgeback_description', 'symlink_install': False, 'test_result_base': None}
[0.201s] Level 5:colcon.colcon_core.verb:set package 'simple_sim' build argument 'cmake_args' from command line to 'None'
[0.201s] Level 5:colcon.colcon_core.verb:set package 'simple_sim' build argument 'cmake_target' from command line to 'None'
[0.201s] Level 5:colcon.colcon_core.verb:set package 'simple_sim' build argument 'cmake_target_skip_unavailable' from command line to 'False'
[0.201s] Level 5:colcon.colcon_core.verb:set package 'simple_sim' build argument 'cmake_clean_cache' from command line to 'False'
[0.201s] Level 5:colcon.colcon_core.verb:set package 'simple_sim' build argument 'cmake_clean_first' from command line to 'False'
[0.201s] Level 5:colcon.colcon_core.verb:set package 'simple_sim' build argument 'cmake_force_configure' from command line to 'False'
[0.201s] Level 5:colcon.colcon_core.verb:set package 'simple_sim' build argument 'ament_cmake_args' from command line to 'None'
[0.201s] Level 5:colcon.colcon_core.verb:set package 'simple_sim' build argument 'catkin_cmake_args' from command line to 'None'
[0.201s] Level 5:colcon.colcon_core.verb:set package 'simple_sim' build argument 'catkin_skip_building_tests' from command line to 'False'
[0.201s] DEBUG:colcon.colcon_core.verb:Building package 'simple_sim' with the following arguments: {'ament_cmake_args': None, 'build_base': '/home/bauer/REPOS/Robotics/ROS2/ros2_pend_ws/build/simple_sim', 'catkin_cmake_args': None, 'catkin_skip_building_tests': False, 'cmake_args': None, 'cmake_clean_cache': False, 'cmake_clean_first': False, 'cmake_force_configure': False, 'cmake_target': None, 'cmake_target_skip_unavailable': False, 'install_base': '/home/bauer/REPOS/Robotics/ROS2/ros2_pend_ws/install/simple_sim', 'merge_install': False, 'path': '/home/bauer/REPOS/Robotics/ROS2/ros2_pend_ws/src/simple_sim', 'symlink_install': False, 'test_result_base': None}
[0.201s] INFO:colcon.colcon_core.executor:Executing jobs using 'parallel' executor
[0.202s] DEBUG:colcon.colcon_parallel_executor.executor.parallel:run_until_complete
[0.202s] INFO:colcon.colcon_ros.task.ament_cmake.build:Building ROS package in '/home/bauer/REPOS/Robotics/ROS2/ros2_pend_ws/src/diana7_description' with build type 'ament_cmake'
[0.202s] INFO:colcon.colcon_cmake.task.cmake.build:Building CMake package in '/home/bauer/REPOS/Robotics/ROS2/ros2_pend_ws/src/diana7_description'
[0.203s] INFO:colcon.colcon_core.plugin_system:Skipping extension 'colcon_core.shell.bat': Not used on non-Windows systems
[0.203s] INFO:colcon.colcon_core.shell:Skip shell extension 'powershell' for command environment: Not usable outside of PowerShell
[0.203s] DEBUG:colcon.colcon_core.shell:Skip shell extension 'dsv' for command environment
[0.212s] INFO:colcon.colcon_ros.task.ament_cmake.build:Building ROS package in '/home/bauer/REPOS/Robotics/ROS2/ros2_pend_ws/src/pendulum_description' with build type 'ament_cmake'
[0.212s] INFO:colcon.colcon_cmake.task.cmake.build:Building CMake package in '/home/bauer/REPOS/Robotics/ROS2/ros2_pend_ws/src/pendulum_description'
[0.212s] INFO:colcon.colcon_core.shell:Skip shell extension 'powershell' for command environment: Not usable outside of PowerShell
[0.212s] DEBUG:colcon.colcon_core.shell:Skip shell extension 'dsv' for command environment
[0.218s] INFO:colcon.colcon_ros.task.ament_cmake.build:Building ROS package in '/home/bauer/REPOS/Robotics/ROS2/ros2_pend_ws/src/ridgeback_description' with build type 'ament_cmake'
[0.218s] INFO:colcon.colcon_cmake.task.cmake.build:Building CMake package in '/home/bauer/REPOS/Robotics/ROS2/ros2_pend_ws/src/ridgeback_description'
[0.218s] INFO:colcon.colcon_core.shell:Skip shell extension 'powershell' for command environment: Not usable outside of PowerShell
[0.218s] DEBUG:colcon.colcon_core.shell:Skip shell extension 'dsv' for command environment
[0.224s] INFO:colcon.colcon_ros.task.ament_python.build:Building ROS package in '/home/bauer/REPOS/Robotics/ROS2/ros2_pend_ws/src/simple_sim' with build type 'ament_python'
[0.224s] Level 1:colcon.colcon_core.shell:create_environment_hook('simple_sim', 'ament_prefix_path')
[0.224s] INFO:colcon.colcon_core.shell:Creating environment hook '/home/bauer/REPOS/Robotics/ROS2/ros2_pend_ws/install/simple_sim/share/simple_sim/hook/ament_prefix_path.ps1'
[0.225s] INFO:colcon.colcon_core.shell:Creating environment descriptor '/home/bauer/REPOS/Robotics/ROS2/ros2_pend_ws/install/simple_sim/share/simple_sim/hook/ament_prefix_path.dsv'
[0.225s] INFO:colcon.colcon_core.shell:Creating environment hook '/home/bauer/REPOS/Robotics/ROS2/ros2_pend_ws/install/simple_sim/share/simple_sim/hook/ament_prefix_path.sh'
[0.225s] INFO:colcon.colcon_core.shell:Skip shell extension 'powershell' for command environment: Not usable outside of PowerShell
[0.225s] DEBUG:colcon.colcon_core.shell:Skip shell extension 'dsv' for command environment
[0.235s] DEBUG:colcon.colcon_core.event_handler.log_command:Invoking command in '/home/bauer/REPOS/Robotics/ROS2/ros2_pend_ws/build/diana7_description': CMAKE_PREFIX_PATH=${CMAKE_PREFIX_PATH}:/home/bauer/REPOS/Robotics/ROS2/ros2_pend_ws/install/simple_sim:/home/bauer/nav2_ws/install/nav2_simple_commander:/home/bauer/nav2_ws/install/nav2_loopback_sim:/home/bauer/nav2_ws/install/learning_tf2_py:/opt/ros/jazzy DEBUGINFOD_URLS=https://debuginfod.ubuntu.com /usr/bin/cmake --build /home/bauer/REPOS/Robotics/ROS2/ros2_pend_ws/build/diana7_description -- -j16 -l16
[0.237s] DEBUG:colcon.colcon_core.event_handler.log_command:Invoking command in '/home/bauer/REPOS/Robotics/ROS2/ros2_pend_ws/build/pendulum_description': CMAKE_PREFIX_PATH=${CMAKE_PREFIX_PATH}:/home/bauer/REPOS/Robotics/ROS2/ros2_pend_ws/install/simple_sim:/home/bauer/nav2_ws/install/nav2_simple_commander:/home/bauer/nav2_ws/install/nav2_loopback_sim:/home/bauer/nav2_ws/install/learning_tf2_py:/opt/ros/jazzy DEBUGINFOD_URLS=https://debuginfod.ubuntu.com /usr/bin/cmake --build /home/bauer/REPOS/Robotics/ROS2/ros2_pend_ws/build/pendulum_description -- -j16 -l16
[0.238s] DEBUG:colcon.colcon_core.event_handler.log_command:Invoking command in '/home/bauer/REPOS/Robotics/ROS2/ros2_pend_ws/build/ridgeback_description': CMAKE_PREFIX_PATH=${CMAKE_PREFIX_PATH}:/home/bauer/REPOS/Robotics/ROS2/ros2_pend_ws/install/simple_sim:/home/bauer/nav2_ws/install/nav2_simple_commander:/home/bauer/nav2_ws/install/nav2_loopback_sim:/home/bauer/nav2_ws/install/learning_tf2_py:/opt/ros/jazzy DEBUGINFOD_URLS=https://debuginfod.ubuntu.com /usr/bin/cmake --build /home/bauer/REPOS/Robotics/ROS2/ros2_pend_ws/build/ridgeback_description -- -j16 -l16
[0.402s] INFO:colcon.colcon_core.task.python.build:Building Python package in '/home/bauer/REPOS/Robotics/ROS2/ros2_pend_ws/src/simple_sim'
[0.403s] INFO:colcon.colcon_core.shell:Skip shell extension 'powershell' for command environment: Not usable outside of PowerShell
[0.403s] DEBUG:colcon.colcon_core.shell:Skip shell extension 'dsv' for command environment
[0.412s] DEBUG:colcon.colcon_core.event_handler.log_command:Invoked command in '/home/bauer/REPOS/Robotics/ROS2/ros2_pend_ws/build/diana7_description' returned '0': CMAKE_PREFIX_PATH=${CMAKE_PREFIX_PATH}:/home/bauer/REPOS/Robotics/ROS2/ros2_pend_ws/install/simple_sim:/home/bauer/nav2_ws/install/nav2_simple_commander:/home/bauer/nav2_ws/install/nav2_loopback_sim:/home/bauer/nav2_ws/install/learning_tf2_py:/opt/ros/jazzy DEBUGINFOD_URLS=https://debuginfod.ubuntu.com /usr/bin/cmake --build /home/bauer/REPOS/Robotics/ROS2/ros2_pend_ws/build/diana7_description -- -j16 -l16
[0.434s] DEBUG:colcon.colcon_core.event_handler.log_command:Invoking command in '/home/bauer/REPOS/Robotics/ROS2/ros2_pend_ws/build/diana7_description': CMAKE_PREFIX_PATH=${CMAKE_PREFIX_PATH}:/home/bauer/REPOS/Robotics/ROS2/ros2_pend_ws/install/simple_sim:/home/bauer/nav2_ws/install/nav2_simple_commander:/home/bauer/nav2_ws/install/nav2_loopback_sim:/home/bauer/nav2_ws/install/learning_tf2_py:/opt/ros/jazzy DEBUGINFOD_URLS=https://debuginfod.ubuntu.com /usr/bin/cmake --install /home/bauer/REPOS/Robotics/ROS2/ros2_pend_ws/build/diana7_description
[0.435s] DEBUG:colcon.colcon_core.event_handler.log_command:Invoked command in '/home/bauer/REPOS/Robotics/ROS2/ros2_pend_ws/build/pendulum_description' returned '0': CMAKE_PREFIX_PATH=${CMAKE_PREFIX_PATH}:/home/bauer/REPOS/Robotics/ROS2/ros2_pend_ws/install/simple_sim:/home/bauer/nav2_ws/install/nav2_simple_commander:/home/bauer/nav2_ws/install/nav2_loopback_sim:/home/bauer/nav2_ws/install/learning_tf2_py:/opt/ros/jazzy DEBUGINFOD_URLS=https://debuginfod.ubuntu.com /usr/bin/cmake --build /home/bauer/REPOS/Robotics/ROS2/ros2_pend_ws/build/pendulum_description -- -j16 -l16
[0.436s] DEBUG:colcon.colcon_core.event_handler.log_command:Invoking command in '/home/bauer/REPOS/Robotics/ROS2/ros2_pend_ws/build/pendulum_description': CMAKE_PREFIX_PATH=${CMAKE_PREFIX_PATH}:/home/bauer/REPOS/Robotics/ROS2/ros2_pend_ws/install/simple_sim:/home/bauer/nav2_ws/install/nav2_simple_commander:/home/bauer/nav2_ws/install/nav2_loopback_sim:/home/bauer/nav2_ws/install/learning_tf2_py:/opt/ros/jazzy DEBUGINFOD_URLS=https://debuginfod.ubuntu.com /usr/bin/cmake --install /home/bauer/REPOS/Robotics/ROS2/ros2_pend_ws/build/pendulum_description
[0.436s] DEBUG:colcon.colcon_core.event_handler.log_command:Invoked command in '/home/bauer/REPOS/Robotics/ROS2/ros2_pend_ws/build/ridgeback_description' returned '0': CMAKE_PREFIX_PATH=${CMAKE_PREFIX_PATH}:/home/bauer/REPOS/Robotics/ROS2/ros2_pend_ws/install/simple_sim:/home/bauer/nav2_ws/install/nav2_simple_commander:/home/bauer/nav2_ws/install/nav2_loopback_sim:/home/bauer/nav2_ws/install/learning_tf2_py:/opt/ros/jazzy DEBUGINFOD_URLS=https://debuginfod.ubuntu.com /usr/bin/cmake --build /home/bauer/REPOS/Robotics/ROS2/ros2_pend_ws/build/ridgeback_description -- -j16 -l16
[0.437s] DEBUG:colcon.colcon_core.event_handler.log_command:Invoking command in '/home/bauer/REPOS/Robotics/ROS2/ros2_pend_ws/build/ridgeback_description': CMAKE_PREFIX_PATH=${CMAKE_PREFIX_PATH}:/home/bauer/REPOS/Robotics/ROS2/ros2_pend_ws/install/simple_sim:/home/bauer/nav2_ws/install/nav2_simple_commander:/home/bauer/nav2_ws/install/nav2_loopback_sim:/home/bauer/nav2_ws/install/learning_tf2_py:/opt/ros/jazzy DEBUGINFOD_URLS=https://debuginfod.ubuntu.com /usr/bin/cmake --install /home/bauer/REPOS/Robotics/ROS2/ros2_pend_ws/build/ridgeback_description
[0.450s] Level 1:colcon.colcon_core.environment:create_environment_scripts_only(pendulum_description)
[0.450s] DEBUG:colcon.colcon_core.event_handler.log_command:Invoked command in '/home/bauer/REPOS/Robotics/ROS2/ros2_pend_ws/build/pendulum_description' returned '0': CMAKE_PREFIX_PATH=${CMAKE_PREFIX_PATH}:/home/bauer/REPOS/Robotics/ROS2/ros2_pend_ws/install/simple_sim:/home/bauer/nav2_ws/install/nav2_simple_commander:/home/bauer/nav2_ws/install/nav2_loopback_sim:/home/bauer/nav2_ws/install/learning_tf2_py:/opt/ros/jazzy DEBUGINFOD_URLS=https://debuginfod.ubuntu.com /usr/bin/cmake --install /home/bauer/REPOS/Robotics/ROS2/ros2_pend_ws/build/pendulum_description
[0.452s] Level 1:colcon.colcon_core.environment:checking '/home/bauer/REPOS/Robotics/ROS2/ros2_pend_ws/install/pendulum_description' for CMake module files
[0.452s] Level 1:colcon.colcon_core.environment:checking '/home/bauer/REPOS/Robotics/ROS2/ros2_pend_ws/install/pendulum_description' for CMake config files
[0.452s] Level 1:colcon.colcon_core.shell:create_environment_hook('pendulum_description', 'cmake_prefix_path')
[0.452s] INFO:colcon.colcon_core.shell:Creating environment hook '/home/bauer/REPOS/Robotics/ROS2/ros2_pend_ws/install/pendulum_description/share/pendulum_description/hook/cmake_prefix_path.ps1'
[0.453s] INFO:colcon.colcon_core.shell:Creating environment descriptor '/home/bauer/REPOS/Robotics/ROS2/ros2_pend_ws/install/pendulum_description/share/pendulum_description/hook/cmake_prefix_path.dsv'
[0.453s] INFO:colcon.colcon_core.shell:Creating environment hook '/home/bauer/REPOS/Robotics/ROS2/ros2_pend_ws/install/pendulum_description/share/pendulum_description/hook/cmake_prefix_path.sh'
[0.453s] Level 1:colcon.colcon_core.environment:checking '/home/bauer/REPOS/Robotics/ROS2/ros2_pend_ws/install/pendulum_description/bin'
[0.453s] Level 1:colcon.colcon_core.environment:checking '/home/bauer/REPOS/Robotics/ROS2/ros2_pend_ws/install/pendulum_description/lib/pkgconfig/pendulum_description.pc'
[0.453s] Level 1:colcon.colcon_core.environment:checking '/home/bauer/REPOS/Robotics/ROS2/ros2_pend_ws/install/pendulum_description/lib/python3.12/site-packages'
[0.454s] Level 1:colcon.colcon_core.environment:checking '/home/bauer/REPOS/Robotics/ROS2/ros2_pend_ws/install/pendulum_description/bin'
[0.454s] INFO:colcon.colcon_core.shell:Creating package script '/home/bauer/REPOS/Robotics/ROS2/ros2_pend_ws/install/pendulum_description/share/pendulum_description/package.ps1'
[0.454s] INFO:colcon.colcon_core.shell:Creating package descriptor '/home/bauer/REPOS/Robotics/ROS2/ros2_pend_ws/install/pendulum_description/share/pendulum_description/package.dsv'
[0.454s] INFO:colcon.colcon_core.shell:Creating package script '/home/bauer/REPOS/Robotics/ROS2/ros2_pend_ws/install/pendulum_description/share/pendulum_description/package.sh'
[0.455s] INFO:colcon.colcon_core.shell:Creating package script '/home/bauer/REPOS/Robotics/ROS2/ros2_pend_ws/install/pendulum_description/share/pendulum_description/package.bash'
[0.455s] INFO:colcon.colcon_core.shell:Creating package script '/home/bauer/REPOS/Robotics/ROS2/ros2_pend_ws/install/pendulum_description/share/pendulum_description/package.zsh'
[0.455s] Level 1:colcon.colcon_core.environment:create_file_with_runtime_dependencies(/home/bauer/REPOS/Robotics/ROS2/ros2_pend_ws/install/pendulum_description/share/colcon-core/packages/pendulum_description)
[0.456s] Level 1:colcon.colcon_core.environment:create_environment_scripts_only(pendulum_description)
[0.456s] Level 1:colcon.colcon_core.environment:checking '/home/bauer/REPOS/Robotics/ROS2/ros2_pend_ws/install/pendulum_description' for CMake module files
[0.456s] Level 1:colcon.colcon_core.environment:checking '/home/bauer/REPOS/Robotics/ROS2/ros2_pend_ws/install/pendulum_description' for CMake config files
[0.456s] Level 1:colcon.colcon_core.shell:create_environment_hook('pendulum_description', 'cmake_prefix_path')
[0.456s] INFO:colcon.colcon_core.shell:Creating environment hook '/home/bauer/REPOS/Robotics/ROS2/ros2_pend_ws/install/pendulum_description/share/pendulum_description/hook/cmake_prefix_path.ps1'
[0.457s] INFO:colcon.colcon_core.shell:Creating environment descriptor '/home/bauer/REPOS/Robotics/ROS2/ros2_pend_ws/install/pendulum_description/share/pendulum_description/hook/cmake_prefix_path.dsv'
[0.457s] INFO:colcon.colcon_core.shell:Creating environment hook '/home/bauer/REPOS/Robotics/ROS2/ros2_pend_ws/install/pendulum_description/share/pendulum_description/hook/cmake_prefix_path.sh'
[0.457s] Level 1:colcon.colcon_core.environment:checking '/home/bauer/REPOS/Robotics/ROS2/ros2_pend_ws/install/pendulum_description/bin'
[0.457s] Level 1:colcon.colcon_core.environment:checking '/home/bauer/REPOS/Robotics/ROS2/ros2_pend_ws/install/pendulum_description/lib/pkgconfig/pendulum_description.pc'
[0.457s] Level 1:colcon.colcon_core.environment:checking '/home/bauer/REPOS/Robotics/ROS2/ros2_pend_ws/install/pendulum_description/lib/python3.12/site-packages'
[0.457s] Level 1:colcon.colcon_core.environment:checking '/home/bauer/REPOS/Robotics/ROS2/ros2_pend_ws/install/pendulum_description/bin'
[0.457s] INFO:colcon.colcon_core.shell:Creating package script '/home/bauer/REPOS/Robotics/ROS2/ros2_pend_ws/install/pendulum_description/share/pendulum_description/package.ps1'
[0.458s] INFO:colcon.colcon_core.shell:Creating package descriptor '/home/bauer/REPOS/Robotics/ROS2/ros2_pend_ws/install/pendulum_description/share/pendulum_description/package.dsv'
[0.458s] INFO:colcon.colcon_core.shell:Creating package script '/home/bauer/REPOS/Robotics/ROS2/ros2_pend_ws/install/pendulum_description/share/pendulum_description/package.sh'
[0.458s] INFO:colcon.colcon_core.shell:Creating package script '/home/bauer/REPOS/Robotics/ROS2/ros2_pend_ws/install/pendulum_description/share/pendulum_description/package.bash'
[0.458s] INFO:colcon.colcon_core.shell:Creating package script '/home/bauer/REPOS/Robotics/ROS2/ros2_pend_ws/install/pendulum_description/share/pendulum_description/package.zsh'
[0.458s] Level 1:colcon.colcon_core.environment:create_file_with_runtime_dependencies(/home/bauer/REPOS/Robotics/ROS2/ros2_pend_ws/install/pendulum_description/share/colcon-core/packages/pendulum_description)
[0.459s] Level 1:colcon.colcon_core.environment:create_environment_scripts_only(diana7_description)
[0.459s] Level 1:colcon.colcon_core.environment:checking '/home/bauer/REPOS/Robotics/ROS2/ros2_pend_ws/install/diana7_description' for CMake module files
[0.460s] Level 1:colcon.colcon_core.environment:checking '/home/bauer/REPOS/Robotics/ROS2/ros2_pend_ws/install/diana7_description' for CMake config files
[0.460s] DEBUG:colcon.colcon_core.event_handler.log_command:Invoked command in '/home/bauer/REPOS/Robotics/ROS2/ros2_pend_ws/build/diana7_description' returned '0': CMAKE_PREFIX_PATH=${CMAKE_PREFIX_PATH}:/home/bauer/REPOS/Robotics/ROS2/ros2_pend_ws/install/simple_sim:/home/bauer/nav2_ws/install/nav2_simple_commander:/home/bauer/nav2_ws/install/nav2_loopback_sim:/home/bauer/nav2_ws/install/learning_tf2_py:/opt/ros/jazzy DEBUGINFOD_URLS=https://debuginfod.ubuntu.com /usr/bin/cmake --install /home/bauer/REPOS/Robotics/ROS2/ros2_pend_ws/build/diana7_description
[0.461s] Level 1:colcon.colcon_core.shell:create_environment_hook('diana7_description', 'cmake_prefix_path')
[0.461s] INFO:colcon.colcon_core.shell:Creating environment hook '/home/bauer/REPOS/Robotics/ROS2/ros2_pend_ws/install/diana7_description/share/diana7_description/hook/cmake_prefix_path.ps1'
[0.461s] INFO:colcon.colcon_core.shell:Creating environment descriptor '/home/bauer/REPOS/Robotics/ROS2/ros2_pend_ws/install/diana7_description/share/diana7_description/hook/cmake_prefix_path.dsv'
[0.461s] INFO:colcon.colcon_core.shell:Creating environment hook '/home/bauer/REPOS/Robotics/ROS2/ros2_pend_ws/install/diana7_description/share/diana7_description/hook/cmake_prefix_path.sh'
[0.462s] Level 1:colcon.colcon_core.environment:checking '/home/bauer/REPOS/Robotics/ROS2/ros2_pend_ws/install/diana7_description/bin'
[0.462s] Level 1:colcon.colcon_core.environment:checking '/home/bauer/REPOS/Robotics/ROS2/ros2_pend_ws/install/diana7_description/lib/pkgconfig/diana7_description.pc'
[0.462s] Level 1:colcon.colcon_core.environment:checking '/home/bauer/REPOS/Robotics/ROS2/ros2_pend_ws/install/diana7_description/lib/python3.12/site-packages'
[0.462s] Level 1:colcon.colcon_core.environment:checking '/home/bauer/REPOS/Robotics/ROS2/ros2_pend_ws/install/diana7_description/bin'
[0.462s] INFO:colcon.colcon_core.shell:Creating package script '/home/bauer/REPOS/Robotics/ROS2/ros2_pend_ws/install/diana7_description/share/diana7_description/package.ps1'
[0.462s] INFO:colcon.colcon_core.shell:Creating package descriptor '/home/bauer/REPOS/Robotics/ROS2/ros2_pend_ws/install/diana7_description/share/diana7_description/package.dsv'
[0.463s] INFO:colcon.colcon_core.shell:Creating package script '/home/bauer/REPOS/Robotics/ROS2/ros2_pend_ws/install/diana7_description/share/diana7_description/package.sh'
[0.463s] INFO:colcon.colcon_core.shell:Creating package script '/home/bauer/REPOS/Robotics/ROS2/ros2_pend_ws/install/diana7_description/share/diana7_description/package.bash'
[0.463s] INFO:colcon.colcon_core.shell:Creating package script '/home/bauer/REPOS/Robotics/ROS2/ros2_pend_ws/install/diana7_description/share/diana7_description/package.zsh'
[0.463s] Level 1:colcon.colcon_core.environment:create_file_with_runtime_dependencies(/home/bauer/REPOS/Robotics/ROS2/ros2_pend_ws/install/diana7_description/share/colcon-core/packages/diana7_description)
[0.464s] Level 1:colcon.colcon_core.environment:create_environment_scripts_only(diana7_description)
[0.464s] Level 1:colcon.colcon_core.environment:checking '/home/bauer/REPOS/Robotics/ROS2/ros2_pend_ws/install/diana7_description' for CMake module files
[0.466s] Level 1:colcon.colcon_core.environment:checking '/home/bauer/REPOS/Robotics/ROS2/ros2_pend_ws/install/diana7_description' for CMake config files
[0.466s] Level 1:colcon.colcon_core.shell:create_environment_hook('diana7_description', 'cmake_prefix_path')
[0.466s] INFO:colcon.colcon_core.shell:Creating environment hook '/home/bauer/REPOS/Robotics/ROS2/ros2_pend_ws/install/diana7_description/share/diana7_description/hook/cmake_prefix_path.ps1'
[0.466s] INFO:colcon.colcon_core.shell:Creating environment descriptor '/home/bauer/REPOS/Robotics/ROS2/ros2_pend_ws/install/diana7_description/share/diana7_description/hook/cmake_prefix_path.dsv'
[0.467s] INFO:colcon.colcon_core.shell:Creating environment hook '/home/bauer/REPOS/Robotics/ROS2/ros2_pend_ws/install/diana7_description/share/diana7_description/hook/cmake_prefix_path.sh'
[0.467s] Level 1:colcon.colcon_core.environment:checking '/home/bauer/REPOS/Robotics/ROS2/ros2_pend_ws/install/diana7_description/bin'
[0.467s] Level 1:colcon.colcon_core.environment:checking '/home/bauer/REPOS/Robotics/ROS2/ros2_pend_ws/install/diana7_description/lib/pkgconfig/diana7_description.pc'
[0.467s] Level 1:colcon.colcon_core.environment:checking '/home/bauer/REPOS/Robotics/ROS2/ros2_pend_ws/install/diana7_description/lib/python3.12/site-packages'
[0.467s] Level 1:colcon.colcon_core.environment:checking '/home/bauer/REPOS/Robotics/ROS2/ros2_pend_ws/install/diana7_description/bin'
[0.467s] INFO:colcon.colcon_core.shell:Creating package script '/home/bauer/REPOS/Robotics/ROS2/ros2_pend_ws/install/diana7_description/share/diana7_description/package.ps1'
[0.468s] INFO:colcon.colcon_core.shell:Creating package descriptor '/home/bauer/REPOS/Robotics/ROS2/ros2_pend_ws/install/diana7_description/share/diana7_description/package.dsv'
[0.468s] INFO:colcon.colcon_core.shell:Creating package script '/home/bauer/REPOS/Robotics/ROS2/ros2_pend_ws/install/diana7_description/share/diana7_description/package.sh'
[0.468s] INFO:colcon.colcon_core.shell:Creating package script '/home/bauer/REPOS/Robotics/ROS2/ros2_pend_ws/install/diana7_description/share/diana7_description/package.bash'
[0.468s] INFO:colcon.colcon_core.shell:Creating package script '/home/bauer/REPOS/Robotics/ROS2/ros2_pend_ws/install/diana7_description/share/diana7_description/package.zsh'
[0.468s] Level 1:colcon.colcon_core.environment:create_file_with_runtime_dependencies(/home/bauer/REPOS/Robotics/ROS2/ros2_pend_ws/install/diana7_description/share/colcon-core/packages/diana7_description)
[0.469s] Level 1:colcon.colcon_core.environment:create_environment_scripts_only(ridgeback_description)
[0.469s] Level 1:colcon.colcon_core.environment:checking '/home/bauer/REPOS/Robotics/ROS2/ros2_pend_ws/install/ridgeback_description' for CMake module files
[0.470s] Level 1:colcon.colcon_core.environment:checking '/home/bauer/REPOS/Robotics/ROS2/ros2_pend_ws/install/ridgeback_description' for CMake config files
[0.470s] DEBUG:colcon.colcon_core.event_handler.log_command:Invoked command in '/home/bauer/REPOS/Robotics/ROS2/ros2_pend_ws/build/ridgeback_description' returned '0': CMAKE_PREFIX_PATH=${CMAKE_PREFIX_PATH}:/home/bauer/REPOS/Robotics/ROS2/ros2_pend_ws/install/simple_sim:/home/bauer/nav2_ws/install/nav2_simple_commander:/home/bauer/nav2_ws/install/nav2_loopback_sim:/home/bauer/nav2_ws/install/learning_tf2_py:/opt/ros/jazzy DEBUGINFOD_URLS=https://debuginfod.ubuntu.com /usr/bin/cmake --install /home/bauer/REPOS/Robotics/ROS2/ros2_pend_ws/build/ridgeback_description
[0.470s] Level 1:colcon.colcon_core.shell:create_environment_hook('ridgeback_description', 'cmake_prefix_path')
[0.470s] INFO:colcon.colcon_core.shell:Creating environment hook '/home/bauer/REPOS/Robotics/ROS2/ros2_pend_ws/install/ridgeback_description/share/ridgeback_description/hook/cmake_prefix_path.ps1'
[0.470s] INFO:colcon.colcon_core.shell:Creating environment descriptor '/home/bauer/REPOS/Robotics/ROS2/ros2_pend_ws/install/ridgeback_description/share/ridgeback_description/hook/cmake_prefix_path.dsv'
[0.471s] INFO:colcon.colcon_core.shell:Creating environment hook '/home/bauer/REPOS/Robotics/ROS2/ros2_pend_ws/install/ridgeback_description/share/ridgeback_description/hook/cmake_prefix_path.sh'
[0.471s] Level 1:colcon.colcon_core.environment:checking '/home/bauer/REPOS/Robotics/ROS2/ros2_pend_ws/install/ridgeback_description/bin'
[0.471s] Level 1:colcon.colcon_core.environment:checking '/home/bauer/REPOS/Robotics/ROS2/ros2_pend_ws/install/ridgeback_description/lib/pkgconfig/ridgeback_description.pc'
[0.471s] Level 1:colcon.colcon_core.environment:checking '/home/bauer/REPOS/Robotics/ROS2/ros2_pend_ws/install/ridgeback_description/lib/python3.12/site-packages'
[0.471s] Level 1:colcon.colcon_core.environment:checking '/home/bauer/REPOS/Robotics/ROS2/ros2_pend_ws/install/ridgeback_description/bin'
[0.471s] INFO:colcon.colcon_core.shell:Creating package script '/home/bauer/REPOS/Robotics/ROS2/ros2_pend_ws/install/ridgeback_description/share/ridgeback_description/package.ps1'
[0.472s] INFO:colcon.colcon_core.shell:Creating package descriptor '/home/bauer/REPOS/Robotics/ROS2/ros2_pend_ws/install/ridgeback_description/share/ridgeback_description/package.dsv'
[0.472s] INFO:colcon.colcon_core.shell:Creating package script '/home/bauer/REPOS/Robotics/ROS2/ros2_pend_ws/install/ridgeback_description/share/ridgeback_description/package.sh'
[0.472s] INFO:colcon.colcon_core.shell:Creating package script '/home/bauer/REPOS/Robotics/ROS2/ros2_pend_ws/install/ridgeback_description/share/ridgeback_description/package.bash'
[0.472s] INFO:colcon.colcon_core.shell:Creating package script '/home/bauer/REPOS/Robotics/ROS2/ros2_pend_ws/install/ridgeback_description/share/ridgeback_description/package.zsh'
[0.472s] Level 1:colcon.colcon_core.environment:create_file_with_runtime_dependencies(/home/bauer/REPOS/Robotics/ROS2/ros2_pend_ws/install/ridgeback_description/share/colcon-core/packages/ridgeback_description)
[0.473s] Level 1:colcon.colcon_core.environment:create_environment_scripts_only(ridgeback_description)
[0.473s] Level 1:colcon.colcon_core.environment:checking '/home/bauer/REPOS/Robotics/ROS2/ros2_pend_ws/install/ridgeback_description' for CMake module files
[0.473s] Level 1:colcon.colcon_core.environment:checking '/home/bauer/REPOS/Robotics/ROS2/ros2_pend_ws/install/ridgeback_description' for CMake config files
[0.473s] Level 1:colcon.colcon_core.shell:create_environment_hook('ridgeback_description', 'cmake_prefix_path')
[0.473s] INFO:colcon.colcon_core.shell:Creating environment hook '/home/bauer/REPOS/Robotics/ROS2/ros2_pend_ws/install/ridgeback_description/share/ridgeback_description/hook/cmake_prefix_path.ps1'
[0.473s] INFO:colcon.colcon_core.shell:Creating environment descriptor '/home/bauer/REPOS/Robotics/ROS2/ros2_pend_ws/install/ridgeback_description/share/ridgeback_description/hook/cmake_prefix_path.dsv'
[0.474s] INFO:colcon.colcon_core.shell:Creating environment hook '/home/bauer/REPOS/Robotics/ROS2/ros2_pend_ws/install/ridgeback_description/share/ridgeback_description/hook/cmake_prefix_path.sh'
[0.474s] Level 1:colcon.colcon_core.environment:checking '/home/bauer/REPOS/Robotics/ROS2/ros2_pend_ws/install/ridgeback_description/bin'
[0.474s] Level 1:colcon.colcon_core.environment:checking '/home/bauer/REPOS/Robotics/ROS2/ros2_pend_ws/install/ridgeback_description/lib/pkgconfig/ridgeback_description.pc'
[0.474s] Level 1:colcon.colcon_core.environment:checking '/home/bauer/REPOS/Robotics/ROS2/ros2_pend_ws/install/ridgeback_description/lib/python3.12/site-packages'
[0.474s] Level 1:colcon.colcon_core.environment:checking '/home/bauer/REPOS/Robotics/ROS2/ros2_pend_ws/install/ridgeback_description/bin'
[0.474s] INFO:colcon.colcon_core.shell:Creating package script '/home/bauer/REPOS/Robotics/ROS2/ros2_pend_ws/install/ridgeback_description/share/ridgeback_description/package.ps1'
[0.474s] INFO:colcon.colcon_core.shell:Creating package descriptor '/home/bauer/REPOS/Robotics/ROS2/ros2_pend_ws/install/ridgeback_description/share/ridgeback_description/package.dsv'
[0.475s] INFO:colcon.colcon_core.shell:Creating package script '/home/bauer/REPOS/Robotics/ROS2/ros2_pend_ws/install/ridgeback_description/share/ridgeback_description/package.sh'
[0.475s] INFO:colcon.colcon_core.shell:Creating package script '/home/bauer/REPOS/Robotics/ROS2/ros2_pend_ws/install/ridgeback_description/share/ridgeback_description/package.bash'
[0.475s] INFO:colcon.colcon_core.shell:Creating package script '/home/bauer/REPOS/Robotics/ROS2/ros2_pend_ws/install/ridgeback_description/share/ridgeback_description/package.zsh'
[0.475s] Level 1:colcon.colcon_core.environment:create_file_with_runtime_dependencies(/home/bauer/REPOS/Robotics/ROS2/ros2_pend_ws/install/ridgeback_description/share/colcon-core/packages/ridgeback_description)
[0.902s] DEBUG:colcon.colcon_core.event_handler.log_command:Invoking command in '/home/bauer/REPOS/Robotics/ROS2/ros2_pend_ws/src/simple_sim': DEBUGINFOD_URLS=https://debuginfod.ubuntu.com PYTHONPATH=/home/bauer/REPOS/Robotics/ROS2/ros2_pend_ws/build/simple_sim/prefix_override:/usr/lib/python3/dist-packages/colcon_core/task/python/colcon_distutils_commands:/home/bauer/REPOS/Robotics/ROS2/ros2_pend_ws/install/simple_sim/lib/python3.12/site-packages:${PYTHONPATH} /usr/bin/python3 -W ignore:setup.py install is deprecated -W ignore:easy_install command is deprecated setup.py egg_info --egg-base ../../build/simple_sim build --build-base /home/bauer/REPOS/Robotics/ROS2/ros2_pend_ws/build/simple_sim/build install --record /home/bauer/REPOS/Robotics/ROS2/ros2_pend_ws/build/simple_sim/install.log --single-version-externally-managed install_data
[1.343s] Level 1:colcon.colcon_core.environment:checking '/home/bauer/REPOS/Robotics/ROS2/ros2_pend_ws/install/simple_sim' for CMake module files
[1.344s] DEBUG:colcon.colcon_core.event_handler.log_command:Invoked command in '/home/bauer/REPOS/Robotics/ROS2/ros2_pend_ws/src/simple_sim' returned '0': DEBUGINFOD_URLS=https://debuginfod.ubuntu.com PYTHONPATH=/home/bauer/REPOS/Robotics/ROS2/ros2_pend_ws/build/simple_sim/prefix_override:/usr/lib/python3/dist-packages/colcon_core/task/python/colcon_distutils_commands:/home/bauer/REPOS/Robotics/ROS2/ros2_pend_ws/install/simple_sim/lib/python3.12/site-packages:${PYTHONPATH} /usr/bin/python3 -W ignore:setup.py install is deprecated -W ignore:easy_install command is deprecated setup.py egg_info --egg-base ../../build/simple_sim build --build-base /home/bauer/REPOS/Robotics/ROS2/ros2_pend_ws/build/simple_sim/build install --record /home/bauer/REPOS/Robotics/ROS2/ros2_pend_ws/build/simple_sim/install.log --single-version-externally-managed install_data
[1.344s] Level 1:colcon.colcon_core.environment:checking '/home/bauer/REPOS/Robotics/ROS2/ros2_pend_ws/install/simple_sim' for CMake config files
[1.344s] Level 1:colcon.colcon_core.environment:checking '/home/bauer/REPOS/Robotics/ROS2/ros2_pend_ws/install/simple_sim/lib'
[1.345s] Level 1:colcon.colcon_core.environment:checking '/home/bauer/REPOS/Robotics/ROS2/ros2_pend_ws/install/simple_sim/bin'
[1.345s] Level 1:colcon.colcon_core.environment:checking '/home/bauer/REPOS/Robotics/ROS2/ros2_pend_ws/install/simple_sim/lib/pkgconfig/simple_sim.pc'
[1.345s] Level 1:colcon.colcon_core.environment:checking '/home/bauer/REPOS/Robotics/ROS2/ros2_pend_ws/install/simple_sim/lib/python3.12/site-packages'
[1.345s] Level 1:colcon.colcon_core.shell:create_environment_hook('simple_sim', 'pythonpath')
[1.345s] INFO:colcon.colcon_core.shell:Creating environment hook '/home/bauer/REPOS/Robotics/ROS2/ros2_pend_ws/install/simple_sim/share/simple_sim/hook/pythonpath.ps1'
[1.345s] INFO:colcon.colcon_core.shell:Creating environment descriptor '/home/bauer/REPOS/Robotics/ROS2/ros2_pend_ws/install/simple_sim/share/simple_sim/hook/pythonpath.dsv'
[1.345s] INFO:colcon.colcon_core.shell:Creating environment hook '/home/bauer/REPOS/Robotics/ROS2/ros2_pend_ws/install/simple_sim/share/simple_sim/hook/pythonpath.sh'
[1.346s] Level 1:colcon.colcon_core.environment:checking '/home/bauer/REPOS/Robotics/ROS2/ros2_pend_ws/install/simple_sim/bin'
[1.346s] Level 1:colcon.colcon_core.environment:create_environment_scripts_only(simple_sim)
[1.346s] INFO:colcon.colcon_core.shell:Creating package script '/home/bauer/REPOS/Robotics/ROS2/ros2_pend_ws/install/simple_sim/share/simple_sim/package.ps1'
[1.346s] INFO:colcon.colcon_core.shell:Creating package descriptor '/home/bauer/REPOS/Robotics/ROS2/ros2_pend_ws/install/simple_sim/share/simple_sim/package.dsv'
[1.346s] INFO:colcon.colcon_core.shell:Creating package script '/home/bauer/REPOS/Robotics/ROS2/ros2_pend_ws/install/simple_sim/share/simple_sim/package.sh'
[1.347s] INFO:colcon.colcon_core.shell:Creating package script '/home/bauer/REPOS/Robotics/ROS2/ros2_pend_ws/install/simple_sim/share/simple_sim/package.bash'
[1.347s] INFO:colcon.colcon_core.shell:Creating package script '/home/bauer/REPOS/Robotics/ROS2/ros2_pend_ws/install/simple_sim/share/simple_sim/package.zsh'
[1.347s] Level 1:colcon.colcon_core.environment:create_file_with_runtime_dependencies(/home/bauer/REPOS/Robotics/ROS2/ros2_pend_ws/install/simple_sim/share/colcon-core/packages/simple_sim)
[1.347s] DEBUG:colcon.colcon_parallel_executor.executor.parallel:closing loop
[1.348s] DEBUG:colcon.colcon_parallel_executor.executor.parallel:loop closed
[1.348s] DEBUG:colcon.colcon_parallel_executor.executor.parallel:run_until_complete finished with '0'
[1.348s] DEBUG:colcon.colcon_core.event_reactor:joining thread
[1.355s] INFO:colcon.colcon_core.plugin_system:Skipping extension 'colcon_notification.desktop_notification.terminal_notifier': Not used on non-Darwin systems
[1.355s] INFO:colcon.colcon_core.plugin_system:Skipping extension 'colcon_notification.desktop_notification.win32': Not used on non-Windows systems
[1.355s] INFO:colcon.colcon_notification.desktop_notification:Sending desktop notification using 'notify2'
[1.366s] DEBUG:colcon.colcon_core.event_reactor:joined thread
[1.366s] INFO:colcon.colcon_core.shell:Creating prefix script '/home/bauer/REPOS/Robotics/ROS2/ros2_pend_ws/install/local_setup.ps1'
[1.367s] INFO:colcon.colcon_core.shell:Creating prefix util module '/home/bauer/REPOS/Robotics/ROS2/ros2_pend_ws/install/_local_setup_util_ps1.py'
[1.368s] INFO:colcon.colcon_core.shell:Creating prefix chain script '/home/bauer/REPOS/Robotics/ROS2/ros2_pend_ws/install/setup.ps1'
[1.370s] INFO:colcon.colcon_core.shell:Creating prefix script '/home/bauer/REPOS/Robotics/ROS2/ros2_pend_ws/install/local_setup.sh'
[1.370s] INFO:colcon.colcon_core.shell:Creating prefix util module '/home/bauer/REPOS/Robotics/ROS2/ros2_pend_ws/install/_local_setup_util_sh.py'
[1.371s] INFO:colcon.colcon_core.shell:Creating prefix chain script '/home/bauer/REPOS/Robotics/ROS2/ros2_pend_ws/install/setup.sh'
[1.373s] INFO:colcon.colcon_core.shell:Creating prefix script '/home/bauer/REPOS/Robotics/ROS2/ros2_pend_ws/install/local_setup.bash'
[1.373s] INFO:colcon.colcon_core.shell:Creating prefix chain script '/home/bauer/REPOS/Robotics/ROS2/ros2_pend_ws/install/setup.bash'
[1.376s] INFO:colcon.colcon_core.shell:Creating prefix script '/home/bauer/REPOS/Robotics/ROS2/ros2_pend_ws/install/local_setup.zsh'
[1.376s] INFO:colcon.colcon_core.shell:Creating prefix chain script '/home/bauer/REPOS/Robotics/ROS2/ros2_pend_ws/install/setup.zsh'
