[0.020s] Invoking command in '/home/bauer/REPOS/Robotics/ROS2/ros2_pend_ws/build/ridgeback_description': CMAKE_PREFIX_PATH=${CMAKE_PREFIX_PATH}:/home/bauer/REPOS/Robotics/ROS2/ros2_pend_ws/install/simple_sim:/home/bauer/nav2_ws/install/nav2_simple_commander:/home/bauer/nav2_ws/install/nav2_loopback_sim:/home/bauer/nav2_ws/install/learning_tf2_py:/opt/ros/jazzy DEBUGINFOD_URLS=https://debuginfod.ubuntu.com /usr/bin/cmake --build /home/bauer/REPOS/Robotics/ROS2/ros2_pend_ws/build/ridgeback_description -- -j16 -l16
[0.218s] Invoked command in '/home/bauer/REPOS/Robotics/ROS2/ros2_pend_ws/build/ridgeback_description' returned '0': CMAKE_PREFIX_PATH=${CMAKE_PREFIX_PATH}:/home/bauer/REPOS/Robotics/ROS2/ros2_pend_ws/install/simple_sim:/home/bauer/nav2_ws/install/nav2_simple_commander:/home/bauer/nav2_ws/install/nav2_loopback_sim:/home/bauer/nav2_ws/install/learning_tf2_py:/opt/ros/jazzy DEBUGINFOD_URLS=https://debuginfod.ubuntu.com /usr/bin/cmake --build /home/bauer/REPOS/Robotics/ROS2/ros2_pend_ws/build/ridgeback_description -- -j16 -l16
[0.219s] Invoking command in '/home/bauer/REPOS/Robotics/ROS2/ros2_pend_ws/build/ridgeback_description': CMAKE_PREFIX_PATH=${CMAKE_PREFIX_PATH}:/home/bauer/REPOS/Robotics/ROS2/ros2_pend_ws/install/simple_sim:/home/bauer/nav2_ws/install/nav2_simple_commander:/home/bauer/nav2_ws/install/nav2_loopback_sim:/home/bauer/nav2_ws/install/learning_tf2_py:/opt/ros/jazzy DEBUGINFOD_URLS=https://debuginfod.ubuntu.com /usr/bin/cmake --install /home/bauer/REPOS/Robotics/ROS2/ros2_pend_ws/build/ridgeback_description
[0.230s] -- Install configuration: ""
[0.230s] -- Up-to-date: /home/bauer/REPOS/Robotics/ROS2/ros2_pend_ws/install/ridgeback_description/share/ridgeback_description/urdf
[0.230s] -- Up-to-date: /home/bauer/REPOS/Robotics/ROS2/ros2_pend_ws/install/ridgeback_description/share/ridgeback_description/urdf/ridgeback.urdf.xacro
[0.230s] -- Up-to-date: /home/bauer/REPOS/Robotics/ROS2/ros2_pend_ws/install/ridgeback_description/share/ridgeback_description/urdf/ridgeback.urdf
[0.230s] -- Up-to-date: /home/bauer/REPOS/Robotics/ROS2/ros2_pend_ws/install/ridgeback_description/share/ament_index/resource_index/package_run_dependencies/ridgeback_description
[0.230s] -- Up-to-date: /home/bauer/REPOS/Robotics/ROS2/ros2_pend_ws/install/ridgeback_description/share/ament_index/resource_index/parent_prefix_path/ridgeback_description
[0.230s] -- Up-to-date: /home/bauer/REPOS/Robotics/ROS2/ros2_pend_ws/install/ridgeback_description/share/ridgeback_description/environment/ament_prefix_path.sh
[0.230s] -- Up-to-date: /home/bauer/REPOS/Robotics/ROS2/ros2_pend_ws/install/ridgeback_description/share/ridgeback_description/environment/ament_prefix_path.dsv
[0.230s] -- Up-to-date: /home/bauer/REPOS/Robotics/ROS2/ros2_pend_ws/install/ridgeback_description/share/ridgeback_description/environment/path.sh
[0.230s] -- Up-to-date: /home/bauer/REPOS/Robotics/ROS2/ros2_pend_ws/install/ridgeback_description/share/ridgeback_description/environment/path.dsv
[0.231s] -- Up-to-date: /home/bauer/REPOS/Robotics/ROS2/ros2_pend_ws/install/ridgeback_description/share/ridgeback_description/local_setup.bash
[0.231s] -- Up-to-date: /home/bauer/REPOS/Robotics/ROS2/ros2_pend_ws/install/ridgeback_description/share/ridgeback_description/local_setup.sh
[0.231s] -- Up-to-date: /home/bauer/REPOS/Robotics/ROS2/ros2_pend_ws/install/ridgeback_description/share/ridgeback_description/local_setup.zsh
[0.231s] -- Up-to-date: /home/bauer/REPOS/Robotics/ROS2/ros2_pend_ws/install/ridgeback_description/share/ridgeback_description/local_setup.dsv
[0.231s] -- Installing: /home/bauer/REPOS/Robotics/ROS2/ros2_pend_ws/install/ridgeback_description/share/ridgeback_description/package.dsv
[0.231s] -- Up-to-date: /home/bauer/REPOS/Robotics/ROS2/ros2_pend_ws/install/ridgeback_description/share/ament_index/resource_index/packages/ridgeback_description
[0.231s] -- Up-to-date: /home/bauer/REPOS/Robotics/ROS2/ros2_pend_ws/install/ridgeback_description/share/ridgeback_description/cmake/ridgeback_descriptionConfig.cmake
[0.231s] -- Up-to-date: /home/bauer/REPOS/Robotics/ROS2/ros2_pend_ws/install/ridgeback_description/share/ridgeback_description/cmake/ridgeback_descriptionConfig-version.cmake
[0.231s] -- Up-to-date: /home/bauer/REPOS/Robotics/ROS2/ros2_pend_ws/install/ridgeback_description/share/ridgeback_description/package.xml
[0.252s] Invoked command in '/home/bauer/REPOS/Robotics/ROS2/ros2_pend_ws/build/ridgeback_description' returned '0': CMAKE_PREFIX_PATH=${CMAKE_PREFIX_PATH}:/home/bauer/REPOS/Robotics/ROS2/ros2_pend_ws/install/simple_sim:/home/bauer/nav2_ws/install/nav2_simple_commander:/home/bauer/nav2_ws/install/nav2_loopback_sim:/home/bauer/nav2_ws/install/learning_tf2_py:/opt/ros/jazzy DEBUGINFOD_URLS=https://debuginfod.ubuntu.com /usr/bin/cmake --install /home/bauer/REPOS/Robotics/ROS2/ros2_pend_ws/build/ridgeback_description
