[0.017s] Invoking command in '/home/bauer/REPOS/Robotics/ROS2/ros2_pend_ws/build/ridgeback_description': CMAKE_PREFIX_PATH=${CMAKE_PREFIX_PATH}:/home/bauer/nav2_ws/install/nav2_simple_commander:/home/bauer/nav2_ws/install/nav2_loopback_sim:/home/bauer/nav2_ws/install/learning_tf2_py:/opt/ros/jazzy DEBUGINFOD_URLS=https://debuginfod.ubuntu.com /usr/bin/cmake /home/bauer/REPOS/Robotics/ROS2/ros2_pend_ws/src/ridgeback_description -DCMAKE_INSTALL_PREFIX=/home/bauer/REPOS/Robotics/ROS2/ros2_pend_ws/install/ridgeback_description
[0.073s] -- The C compiler identification is GNU 13.3.0
[0.127s] -- The CXX compiler identification is GNU 13.3.0
[0.145s] -- Detecting C compiler ABI info
[0.254s] -- Detecting C compiler ABI info - done
[0.261s] -- Check for working C compiler: /usr/bin/cc - skipped
[0.261s] -- Detecting C compile features
[0.261s] -- Detecting C compile features - done
[0.272s] -- Detecting CXX compiler ABI info
[0.392s] -- Detecting CXX compiler ABI info - done
[0.399s] -- Check for working CXX compiler: /usr/bin/c++ - skipped
[0.399s] -- Detecting CXX compile features
[0.400s] -- Detecting CXX compile features - done
[0.409s] -- Found ament_cmake: 2.5.4 (/opt/ros/jazzy/share/ament_cmake/cmake)
[0.617s] -- Found Python3: /usr/bin/python3 (found version "3.12.3") found components: Interpreter 
[0.826s] -- Found xacro: 2.0.13 (/opt/ros/jazzy/share/xacro/cmake)
[0.834s] -- Found ament_lint_auto: 0.17.2 (/opt/ros/jazzy/share/ament_lint_auto/cmake)
[1.001s] -- Added test 'lint_cmake' to check CMake code style
[1.004s] -- Added test 'xmllint' to check XML markup files
[1.007s] -- Configuring done (1.0s)
[1.011s] -- Generating done (0.0s)
[1.013s] -- Build files have been written to: /home/bauer/REPOS/Robotics/ROS2/ros2_pend_ws/build/ridgeback_description
[1.018s] Invoked command in '/home/bauer/REPOS/Robotics/ROS2/ros2_pend_ws/build/ridgeback_description' returned '0': CMAKE_PREFIX_PATH=${CMAKE_PREFIX_PATH}:/home/bauer/nav2_ws/install/nav2_simple_commander:/home/bauer/nav2_ws/install/nav2_loopback_sim:/home/bauer/nav2_ws/install/learning_tf2_py:/opt/ros/jazzy DEBUGINFOD_URLS=https://debuginfod.ubuntu.com /usr/bin/cmake /home/bauer/REPOS/Robotics/ROS2/ros2_pend_ws/src/ridgeback_description -DCMAKE_INSTALL_PREFIX=/home/bauer/REPOS/Robotics/ROS2/ros2_pend_ws/install/ridgeback_description
[1.019s] Invoking command in '/home/bauer/REPOS/Robotics/ROS2/ros2_pend_ws/build/ridgeback_description': CMAKE_PREFIX_PATH=${CMAKE_PREFIX_PATH}:/home/bauer/nav2_ws/install/nav2_simple_commander:/home/bauer/nav2_ws/install/nav2_loopback_sim:/home/bauer/nav2_ws/install/learning_tf2_py:/opt/ros/jazzy DEBUGINFOD_URLS=https://debuginfod.ubuntu.com /usr/bin/cmake --build /home/bauer/REPOS/Robotics/ROS2/ros2_pend_ws/build/ridgeback_description -- -j16 -l16
[1.096s] Invoked command in '/home/bauer/REPOS/Robotics/ROS2/ros2_pend_ws/build/ridgeback_description' returned '0': CMAKE_PREFIX_PATH=${CMAKE_PREFIX_PATH}:/home/bauer/nav2_ws/install/nav2_simple_commander:/home/bauer/nav2_ws/install/nav2_loopback_sim:/home/bauer/nav2_ws/install/learning_tf2_py:/opt/ros/jazzy DEBUGINFOD_URLS=https://debuginfod.ubuntu.com /usr/bin/cmake --build /home/bauer/REPOS/Robotics/ROS2/ros2_pend_ws/build/ridgeback_description -- -j16 -l16
[1.097s] Invoking command in '/home/bauer/REPOS/Robotics/ROS2/ros2_pend_ws/build/ridgeback_description': CMAKE_PREFIX_PATH=${CMAKE_PREFIX_PATH}:/home/bauer/nav2_ws/install/nav2_simple_commander:/home/bauer/nav2_ws/install/nav2_loopback_sim:/home/bauer/nav2_ws/install/learning_tf2_py:/opt/ros/jazzy DEBUGINFOD_URLS=https://debuginfod.ubuntu.com /usr/bin/cmake --install /home/bauer/REPOS/Robotics/ROS2/ros2_pend_ws/build/ridgeback_description
[1.109s] -- Install configuration: ""
[1.109s] -- Installing: /home/bauer/REPOS/Robotics/ROS2/ros2_pend_ws/install/ridgeback_description/share/ridgeback_description/urdf
[1.109s] -- Installing: /home/bauer/REPOS/Robotics/ROS2/ros2_pend_ws/install/ridgeback_description/share/ridgeback_description/urdf/ridgeback.urdf.xacro
[1.109s] -- Installing: /home/bauer/REPOS/Robotics/ROS2/ros2_pend_ws/install/ridgeback_description/share/ridgeback_description/urdf/ridgeback.urdf
[1.110s] -- Installing: /home/bauer/REPOS/Robotics/ROS2/ros2_pend_ws/install/ridgeback_description/share/ament_index/resource_index/package_run_dependencies/ridgeback_description
[1.110s] -- Installing: /home/bauer/REPOS/Robotics/ROS2/ros2_pend_ws/install/ridgeback_description/share/ament_index/resource_index/parent_prefix_path/ridgeback_description
[1.110s] -- Installing: /home/bauer/REPOS/Robotics/ROS2/ros2_pend_ws/install/ridgeback_description/share/ridgeback_description/environment/ament_prefix_path.sh
[1.110s] -- Installing: /home/bauer/REPOS/Robotics/ROS2/ros2_pend_ws/install/ridgeback_description/share/ridgeback_description/environment/ament_prefix_path.dsv
[1.110s] -- Installing: /home/bauer/REPOS/Robotics/ROS2/ros2_pend_ws/install/ridgeback_description/share/ridgeback_description/environment/path.sh
[1.111s] -- Installing: /home/bauer/REPOS/Robotics/ROS2/ros2_pend_ws/install/ridgeback_description/share/ridgeback_description/environment/path.dsv
[1.111s] -- Installing: /home/bauer/REPOS/Robotics/ROS2/ros2_pend_ws/install/ridgeback_description/share/ridgeback_description/local_setup.bash
[1.111s] -- Installing: /home/bauer/REPOS/Robotics/ROS2/ros2_pend_ws/install/ridgeback_description/share/ridgeback_description/local_setup.sh
[1.111s] -- Installing: /home/bauer/REPOS/Robotics/ROS2/ros2_pend_ws/install/ridgeback_description/share/ridgeback_description/local_setup.zsh
[1.111s] -- Installing: /home/bauer/REPOS/Robotics/ROS2/ros2_pend_ws/install/ridgeback_description/share/ridgeback_description/local_setup.dsv
[1.111s] -- Installing: /home/bauer/REPOS/Robotics/ROS2/ros2_pend_ws/install/ridgeback_description/share/ridgeback_description/package.dsv
[1.112s] -- Installing: /home/bauer/REPOS/Robotics/ROS2/ros2_pend_ws/install/ridgeback_description/share/ament_index/resource_index/packages/ridgeback_description
[1.112s] -- Installing: /home/bauer/REPOS/Robotics/ROS2/ros2_pend_ws/install/ridgeback_description/share/ridgeback_description/cmake/ridgeback_descriptionConfig.cmake
[1.112s] -- Installing: /home/bauer/REPOS/Robotics/ROS2/ros2_pend_ws/install/ridgeback_description/share/ridgeback_description/cmake/ridgeback_descriptionConfig-version.cmake
[1.112s] -- Installing: /home/bauer/REPOS/Robotics/ROS2/ros2_pend_ws/install/ridgeback_description/share/ridgeback_description/package.xml
[1.127s] Invoked command in '/home/bauer/REPOS/Robotics/ROS2/ros2_pend_ws/build/ridgeback_description' returned '0': CMAKE_PREFIX_PATH=${CMAKE_PREFIX_PATH}:/home/bauer/nav2_ws/install/nav2_simple_commander:/home/bauer/nav2_ws/install/nav2_loopback_sim:/home/bauer/nav2_ws/install/learning_tf2_py:/opt/ros/jazzy DEBUGINFOD_URLS=https://debuginfod.ubuntu.com /usr/bin/cmake --install /home/bauer/REPOS/Robotics/ROS2/ros2_pend_ws/build/ridgeback_description
