running egg_info
creating ../../build/simple_sim/simple_sim.egg-info
writing ../../build/simple_sim/simple_sim.egg-info/PKG-INFO
writing dependency_links to ../../build/simple_sim/simple_sim.egg-info/dependency_links.txt
writing requirements to ../../build/simple_sim/simple_sim.egg-info/requires.txt
writing top-level names to ../../build/simple_sim/simple_sim.egg-info/top_level.txt
writing manifest file '../../build/simple_sim/simple_sim.egg-info/SOURCES.txt'
reading manifest file '../../build/simple_sim/simple_sim.egg-info/SOURCES.txt'
writing manifest file '../../build/simple_sim/simple_sim.egg-info/SOURCES.txt'
running build
running build_py
creating /home/bauer/REPOS/Robotics/ROS2/ros2_pend_ws/build/simple_sim/build
creating /home/bauer/REPOS/Robotics/ROS2/ros2_pend_ws/build/simple_sim/build/lib
creating /home/bauer/REPOS/Robotics/ROS2/ros2_pend_ws/build/simple_sim/build/lib/simple_sim
copying simple_sim/__init__.py -> /home/bauer/REPOS/Robotics/ROS2/ros2_pend_ws/build/simple_sim/build/lib/simple_sim
running install
running install_lib
creating /home/bauer/REPOS/Robotics/ROS2/ros2_pend_ws/install/simple_sim/lib/python3.12/site-packages/simple_sim
copying /home/bauer/REPOS/Robotics/ROS2/ros2_pend_ws/build/simple_sim/build/lib/simple_sim/__init__.py -> /home/bauer/REPOS/Robotics/ROS2/ros2_pend_ws/install/simple_sim/lib/python3.12/site-packages/simple_sim
byte-compiling /home/bauer/REPOS/Robotics/ROS2/ros2_pend_ws/install/simple_sim/lib/python3.12/site-packages/simple_sim/__init__.py to __init__.cpython-312.pyc
running install_data
creating /home/bauer/REPOS/Robotics/ROS2/ros2_pend_ws/install/simple_sim/share/ament_index
creating /home/bauer/REPOS/Robotics/ROS2/ros2_pend_ws/install/simple_sim/share/ament_index/resource_index
creating /home/bauer/REPOS/Robotics/ROS2/ros2_pend_ws/install/simple_sim/share/ament_index/resource_index/packages
copying resource/simple_sim -> /home/bauer/REPOS/Robotics/ROS2/ros2_pend_ws/install/simple_sim/share/ament_index/resource_index/packages
copying package.xml -> /home/bauer/REPOS/Robotics/ROS2/ros2_pend_ws/install/simple_sim/share/simple_sim
creating /home/bauer/REPOS/Robotics/ROS2/ros2_pend_ws/install/simple_sim/share/simple_sim/launch
copying launch/spawn_all.launch.py -> /home/bauer/REPOS/Robotics/ROS2/ros2_pend_ws/install/simple_sim/share/simple_sim/launch
creating /home/bauer/REPOS/Robotics/ROS2/ros2_pend_ws/install/simple_sim/share/simple_sim/rviz
copying rviz/view.rviz -> /home/bauer/REPOS/Robotics/ROS2/ros2_pend_ws/install/simple_sim/share/simple_sim/rviz
running install_egg_info
Copying ../../build/simple_sim/simple_sim.egg-info to /home/bauer/REPOS/Robotics/ROS2/ros2_pend_ws/install/simple_sim/lib/python3.12/site-packages/simple_sim-0.0.0-py3.12.egg-info
running install_scripts
writing list of installed files to '/home/bauer/REPOS/Robotics/ROS2/ros2_pend_ws/build/simple_sim/install.log'
