[0.024s] Invoking command in '/home/bauer/REPOS/Robotics/ROS2/ros2_pend_ws/build/pendulum_description': CMAKE_PREFIX_PATH=${CMAKE_PREFIX_PATH}:/home/bauer/REPOS/Robotics/ROS2/ros2_pend_ws/install/simple_sim:/home/bauer/nav2_ws/install/nav2_simple_commander:/home/bauer/nav2_ws/install/nav2_loopback_sim:/home/bauer/nav2_ws/install/learning_tf2_py:/opt/ros/jazzy DEBUGINFOD_URLS=https://debuginfod.ubuntu.com /usr/bin/cmake --build /home/bauer/REPOS/Robotics/ROS2/ros2_pend_ws/build/pendulum_description -- -j16 -l16
[0.241s] Invoked command in '/home/bauer/REPOS/Robotics/ROS2/ros2_pend_ws/build/pendulum_description' returned '0': CMAKE_PREFIX_PATH=${CMAKE_PREFIX_PATH}:/home/bauer/REPOS/Robotics/ROS2/ros2_pend_ws/install/simple_sim:/home/bauer/nav2_ws/install/nav2_simple_commander:/home/bauer/nav2_ws/install/nav2_loopback_sim:/home/bauer/nav2_ws/install/learning_tf2_py:/opt/ros/jazzy DEBUGINFOD_URLS=https://debuginfod.ubuntu.com /usr/bin/cmake --build /home/bauer/REPOS/Robotics/ROS2/ros2_pend_ws/build/pendulum_description -- -j16 -l16
[0.242s] Invoking command in '/home/bauer/REPOS/Robotics/ROS2/ros2_pend_ws/build/pendulum_description': CMAKE_PREFIX_PATH=${CMAKE_PREFIX_PATH}:/home/bauer/REPOS/Robotics/ROS2/ros2_pend_ws/install/simple_sim:/home/bauer/nav2_ws/install/nav2_simple_commander:/home/bauer/nav2_ws/install/nav2_loopback_sim:/home/bauer/nav2_ws/install/learning_tf2_py:/opt/ros/jazzy DEBUGINFOD_URLS=https://debuginfod.ubuntu.com /usr/bin/cmake --install /home/bauer/REPOS/Robotics/ROS2/ros2_pend_ws/build/pendulum_description
[0.252s] -- Install configuration: ""
[0.254s] -- Up-to-date: /home/bauer/REPOS/Robotics/ROS2/ros2_pend_ws/install/pendulum_description/share/pendulum_description/urdf
[0.254s] -- Up-to-date: /home/bauer/REPOS/Robotics/ROS2/ros2_pend_ws/install/pendulum_description/share/pendulum_description/urdf/pendulum.urdf.xacro
[0.254s] -- Up-to-date: /home/bauer/REPOS/Robotics/ROS2/ros2_pend_ws/install/pendulum_description/share/pendulum_description/urdf/pendulum.urdf
[0.254s] -- Up-to-date: /home/bauer/REPOS/Robotics/ROS2/ros2_pend_ws/install/pendulum_description/share/ament_index/resource_index/package_run_dependencies/pendulum_description
[0.254s] -- Up-to-date: /home/bauer/REPOS/Robotics/ROS2/ros2_pend_ws/install/pendulum_description/share/ament_index/resource_index/parent_prefix_path/pendulum_description
[0.254s] -- Up-to-date: /home/bauer/REPOS/Robotics/ROS2/ros2_pend_ws/install/pendulum_description/share/pendulum_description/environment/ament_prefix_path.sh
[0.254s] -- Up-to-date: /home/bauer/REPOS/Robotics/ROS2/ros2_pend_ws/install/pendulum_description/share/pendulum_description/environment/ament_prefix_path.dsv
[0.255s] -- Up-to-date: /home/bauer/REPOS/Robotics/ROS2/ros2_pend_ws/install/pendulum_description/share/pendulum_description/environment/path.sh
[0.255s] -- Up-to-date: /home/bauer/REPOS/Robotics/ROS2/ros2_pend_ws/install/pendulum_description/share/pendulum_description/environment/path.dsv
[0.255s] -- Up-to-date: /home/bauer/REPOS/Robotics/ROS2/ros2_pend_ws/install/pendulum_description/share/pendulum_description/local_setup.bash
[0.255s] -- Up-to-date: /home/bauer/REPOS/Robotics/ROS2/ros2_pend_ws/install/pendulum_description/share/pendulum_description/local_setup.sh
[0.255s] -- Up-to-date: /home/bauer/REPOS/Robotics/ROS2/ros2_pend_ws/install/pendulum_description/share/pendulum_description/local_setup.zsh
[0.255s] -- Up-to-date: /home/bauer/REPOS/Robotics/ROS2/ros2_pend_ws/install/pendulum_description/share/pendulum_description/local_setup.dsv
[0.255s] -- Installing: /home/bauer/REPOS/Robotics/ROS2/ros2_pend_ws/install/pendulum_description/share/pendulum_description/package.dsv
[0.255s] -- Up-to-date: /home/bauer/REPOS/Robotics/ROS2/ros2_pend_ws/install/pendulum_description/share/ament_index/resource_index/packages/pendulum_description
[0.255s] -- Up-to-date: /home/bauer/REPOS/Robotics/ROS2/ros2_pend_ws/install/pendulum_description/share/pendulum_description/cmake/pendulum_descriptionConfig.cmake
[0.255s] -- Up-to-date: /home/bauer/REPOS/Robotics/ROS2/ros2_pend_ws/install/pendulum_description/share/pendulum_description/cmake/pendulum_descriptionConfig-version.cmake
[0.255s] -- Up-to-date: /home/bauer/REPOS/Robotics/ROS2/ros2_pend_ws/install/pendulum_description/share/pendulum_description/package.xml
[0.256s] Invoked command in '/home/bauer/REPOS/Robotics/ROS2/ros2_pend_ws/build/pendulum_description' returned '0': CMAKE_PREFIX_PATH=${CMAKE_PREFIX_PATH}:/home/bauer/REPOS/Robotics/ROS2/ros2_pend_ws/install/simple_sim:/home/bauer/nav2_ws/install/nav2_simple_commander:/home/bauer/nav2_ws/install/nav2_loopback_sim:/home/bauer/nav2_ws/install/learning_tf2_py:/opt/ros/jazzy DEBUGINFOD_URLS=https://debuginfod.ubuntu.com /usr/bin/cmake --install /home/bauer/REPOS/Robotics/ROS2/ros2_pend_ws/build/pendulum_description
