[0.033s] Invoking command in '/home/bauer/REPOS/Robotics/ROS2/ros2_pend_ws/build/diana7_description': CMAKE_PREFIX_PATH=${CMAKE_PREFIX_PATH}:/home/bauer/REPOS/Robotics/ROS2/ros2_pend_ws/install/simple_sim:/home/bauer/nav2_ws/install/nav2_simple_commander:/home/bauer/nav2_ws/install/nav2_loopback_sim:/home/bauer/nav2_ws/install/learning_tf2_py:/opt/ros/jazzy DEBUGINFOD_URLS=https://debuginfod.ubuntu.com /usr/bin/cmake --build /home/bauer/REPOS/Robotics/ROS2/ros2_pend_ws/build/diana7_description -- -j16 -l16
[0.213s] Invoked command in '/home/bauer/REPOS/Robotics/ROS2/ros2_pend_ws/build/diana7_description' returned '0': CMAKE_PREFIX_PATH=${CMAKE_PREFIX_PATH}:/home/bauer/REPOS/Robotics/ROS2/ros2_pend_ws/install/simple_sim:/home/bauer/nav2_ws/install/nav2_simple_commander:/home/bauer/nav2_ws/install/nav2_loopback_sim:/home/bauer/nav2_ws/install/learning_tf2_py:/opt/ros/jazzy DEBUGINFOD_URLS=https://debuginfod.ubuntu.com /usr/bin/cmake --build /home/bauer/REPOS/Robotics/ROS2/ros2_pend_ws/build/diana7_description -- -j16 -l16
[0.227s] Invoking command in '/home/bauer/REPOS/Robotics/ROS2/ros2_pend_ws/build/diana7_description': CMAKE_PREFIX_PATH=${CMAKE_PREFIX_PATH}:/home/bauer/REPOS/Robotics/ROS2/ros2_pend_ws/install/simple_sim:/home/bauer/nav2_ws/install/nav2_simple_commander:/home/bauer/nav2_ws/install/nav2_loopback_sim:/home/bauer/nav2_ws/install/learning_tf2_py:/opt/ros/jazzy DEBUGINFOD_URLS=https://debuginfod.ubuntu.com /usr/bin/cmake --install /home/bauer/REPOS/Robotics/ROS2/ros2_pend_ws/build/diana7_description
[0.240s] -- Install configuration: ""
[0.240s] -- Up-to-date: /home/bauer/REPOS/Robotics/ROS2/ros2_pend_ws/install/diana7_description/share/diana7_description/urdf
[0.240s] -- Up-to-date: /home/bauer/REPOS/Robotics/ROS2/ros2_pend_ws/install/diana7_description/share/diana7_description/urdf/diana7.urdf
[0.240s] -- Up-to-date: /home/bauer/REPOS/Robotics/ROS2/ros2_pend_ws/install/diana7_description/share/diana7_description/urdf/diana7.urdf.xacro
[0.240s] -- Up-to-date: /home/bauer/REPOS/Robotics/ROS2/ros2_pend_ws/install/diana7_description/share/ament_index/resource_index/package_run_dependencies/diana7_description
[0.240s] -- Up-to-date: /home/bauer/REPOS/Robotics/ROS2/ros2_pend_ws/install/diana7_description/share/ament_index/resource_index/parent_prefix_path/diana7_description
[0.240s] -- Up-to-date: /home/bauer/REPOS/Robotics/ROS2/ros2_pend_ws/install/diana7_description/share/diana7_description/environment/ament_prefix_path.sh
[0.240s] -- Up-to-date: /home/bauer/REPOS/Robotics/ROS2/ros2_pend_ws/install/diana7_description/share/diana7_description/environment/ament_prefix_path.dsv
[0.240s] -- Up-to-date: /home/bauer/REPOS/Robotics/ROS2/ros2_pend_ws/install/diana7_description/share/diana7_description/environment/path.sh
[0.240s] -- Up-to-date: /home/bauer/REPOS/Robotics/ROS2/ros2_pend_ws/install/diana7_description/share/diana7_description/environment/path.dsv
[0.241s] -- Up-to-date: /home/bauer/REPOS/Robotics/ROS2/ros2_pend_ws/install/diana7_description/share/diana7_description/local_setup.bash
[0.241s] -- Up-to-date: /home/bauer/REPOS/Robotics/ROS2/ros2_pend_ws/install/diana7_description/share/diana7_description/local_setup.sh
[0.241s] -- Up-to-date: /home/bauer/REPOS/Robotics/ROS2/ros2_pend_ws/install/diana7_description/share/diana7_description/local_setup.zsh
[0.241s] -- Up-to-date: /home/bauer/REPOS/Robotics/ROS2/ros2_pend_ws/install/diana7_description/share/diana7_description/local_setup.dsv
[0.241s] -- Installing: /home/bauer/REPOS/Robotics/ROS2/ros2_pend_ws/install/diana7_description/share/diana7_description/package.dsv
[0.242s] -- Up-to-date: /home/bauer/REPOS/Robotics/ROS2/ros2_pend_ws/install/diana7_description/share/ament_index/resource_index/packages/diana7_description
[0.242s] -- Up-to-date: /home/bauer/REPOS/Robotics/ROS2/ros2_pend_ws/install/diana7_description/share/diana7_description/cmake/diana7_descriptionConfig.cmake
[0.242s] -- Up-to-date: /home/bauer/REPOS/Robotics/ROS2/ros2_pend_ws/install/diana7_description/share/diana7_description/cmake/diana7_descriptionConfig-version.cmake
[0.242s] -- Up-to-date: /home/bauer/REPOS/Robotics/ROS2/ros2_pend_ws/install/diana7_description/share/diana7_description/package.xml
[0.243s] Invoked command in '/home/bauer/REPOS/Robotics/ROS2/ros2_pend_ws/build/diana7_description' returned '0': CMAKE_PREFIX_PATH=${CMAKE_PREFIX_PATH}:/home/bauer/REPOS/Robotics/ROS2/ros2_pend_ws/install/simple_sim:/home/bauer/nav2_ws/install/nav2_simple_commander:/home/bauer/nav2_ws/install/nav2_loopback_sim:/home/bauer/nav2_ws/install/learning_tf2_py:/opt/ros/jazzy DEBUGINFOD_URLS=https://debuginfod.ubuntu.com /usr/bin/cmake --install /home/bauer/REPOS/Robotics/ROS2/ros2_pend_ws/build/diana7_description
